0 verbose cli C:\Program Files\nodejs\node.exe C:\Users\USER\AppData\Roaming\npm\node_modules\npm\bin\npm-cli.js
1 info using npm@9.8.1
2 info using node@v18.17.1
3 timing npm:load:whichnode Completed in 4ms
4 timing config:load:defaults Completed in 4ms
5 timing config:load:file:C:\Users\USER\AppData\Roaming\npm\node_modules\npm\npmrc Completed in 8ms
6 timing config:load:builtin Completed in 8ms
7 timing config:load:cli Completed in 5ms
8 timing config:load:env Completed in 1ms
9 timing config:load:file:C:\Users\USER\my projects\Ecommece-app\.npmrc Completed in 0ms
10 timing config:load:project Completed in 2ms
11 timing config:load:file:C:\Users\USER\.npmrc Completed in 1ms
12 timing config:load:user Completed in 1ms
13 timing config:load:file:C:\Users\USER\AppData\Roaming\npm\etc\npmrc Completed in 0ms
14 timing config:load:global Completed in 0ms
15 timing config:load:setEnvs Completed in 2ms
16 timing config:load Completed in 24ms
17 timing npm:load:configload Completed in 24ms
18 timing config:load:flatten Completed in 5ms
19 timing npm:load:mkdirpcache Completed in 1ms
20 timing npm:load:mkdirplogs Completed in 1ms
21 verbose title npm exec
22 verbose argv "exec" "--cache" "clean"
23 timing npm:load:setTitle Completed in 2ms
24 timing npm:load:display Completed in 1ms
25 verbose logfile logs-max:10 dir:C:\Users\USER\my projects\Ecommece-app\clean\_logs\2023-09-01T19_28_41_113Z-
26 verbose logfile C:\Users\USER\my projects\Ecommece-app\clean\_logs\2023-09-01T19_28_41_113Z-debug-0.log
27 timing npm:load:logFile Completed in 22ms
28 timing npm:load:timers Completed in 0ms
29 timing npm:load:configScope Completed in 0ms
30 timing npm:load Completed in 101ms
31 silly logfile done cleaning log files
32 http fetch GET 200 https://registry.npmjs.org/npm 1120ms (cache miss)
