0 verbose cli C:\Program Files\nodejs\node.exe C:\Users\USER\AppData\Roaming\npm\node_modules\npm\bin\npm-cli.js
1 info using npm@9.8.1
2 info using node@v18.17.1
3 timing npm:load:whichnode Completed in 5ms
4 timing config:load:defaults Completed in 8ms
5 timing config:load:file:C:\Users\USER\AppData\Roaming\npm\node_modules\npm\npmrc Completed in 3ms
6 timing config:load:builtin Completed in 4ms
7 timing config:load:cli Completed in 3ms
8 timing config:load:env Completed in 2ms
9 timing config:load:file:C:\Users\USER\my projects\Ecommece-app\.npmrc Completed in 1ms
10 timing config:load:project Completed in 3ms
11 timing config:load:file:C:\Users\USER\.npmrc Completed in 1ms
12 timing config:load:user Completed in 1ms
13 timing config:load:file:C:\Users\USER\AppData\Roaming\npm\etc\npmrc Completed in 1ms
14 timing config:load:global Completed in 1ms
15 timing config:load:setEnvs Completed in 1ms
16 timing config:load Completed in 23ms
17 timing npm:load:configload Completed in 24ms
18 timing config:load:flatten Completed in 5ms
19 timing npm:load:mkdirpcache Completed in 0ms
20 timing npm:load:mkdirplogs Completed in 1ms
21 verbose title npm start --reset-cache
22 verbose argv "start" "--" "--reset-cache"
23 timing npm:load:setTitle Completed in 2ms
24 timing npm:load:display Completed in 1ms
25 verbose logfile logs-max:10 dir:C:\Users\USER\my projects\Ecommece-app\clean\_logs\2023-09-01T19_38_40_702Z-
26 verbose logfile C:\Users\USER\my projects\Ecommece-app\clean\_logs\2023-09-01T19_38_40_702Z-debug-0.log
27 timing npm:load:logFile Completed in 22ms
28 timing npm:load:timers Completed in 0ms
29 timing npm:load:configScope Completed in 0ms
30 timing npm:load Completed in 108ms
31 silly logfile done cleaning log files
32 timing command:run-script Completed in 553ms
33 timing command:start Completed in 594ms
34 verbose exit 1
35 timing npm Completed in 1067ms
36 verbose code 1
